[debug] [2018-09-13T23:00:17.378Z] ----------------------------------------------------------------------
[debug] [2018-09-13T23:00:17.380Z] Command:       C:\Program Files\nodejs\node.exe C:\Users\Pedro Cardoso\AppData\Roaming\npm\node_modules\firebase-tools\bin\firebase deploy
[debug] [2018-09-13T23:00:17.380Z] CLI Version:   4.2.1
[debug] [2018-09-13T23:00:17.380Z] Platform:      win32
[debug] [2018-09-13T23:00:17.380Z] Node Version:  v8.11.4
[debug] [2018-09-13T23:00:17.381Z] Time:          Fri Sep 14 2018 00:00:17 GMT+0100 (GMT Daylight Time)
[debug] [2018-09-13T23:00:17.381Z] ----------------------------------------------------------------------
[debug] 
[debug] [2018-09-13T23:00:17.393Z] > command requires scopes: ["email","openid","https://www.googleapis.com/auth/cloudplatformprojects.readonly","https://www.googleapis.com/auth/firebase","https://www.googleapis.com/auth/cloud-platform"]
[debug] [2018-09-13T23:00:17.393Z] > authorizing via signed-in user
[debug] [2018-09-13T23:00:17.395Z] >>> HTTP REQUEST GET https://admin.firebase.com/v1/projects/oshop-e77fe  
 
[debug] [2018-09-13T23:00:18.060Z] <<< HTTP RESPONSE 200
[info] 
[info] === Deploying to 'oshop-e77fe'...
[info] 
[info] i  deploying hosting
[debug] [2018-09-13T23:00:18.203Z] TypeError: Path must be a string. Received undefined
    at assertPath (path.js:28:11)
    at Object.resolve (path.js:211:7)
    at module.exports (C:\Users\Pedro Cardoso\AppData\Roaming\npm\node_modules\firebase-tools\lib\resolveProjectPath.js:7:15)
    at C:\Users\Pedro Cardoso\AppData\Roaming\npm\node_modules\firebase-tools\lib\deploy\hosting\prepare.js:57:32
    at arrayEach (C:\Users\Pedro Cardoso\AppData\Roaming\npm\node_modules\firebase-tools\node_modules\lodash\lodash.js:516:11)
    at Function.forEach (C:\Users\Pedro Cardoso\AppData\Roaming\npm\node_modules\firebase-tools\node_modules\lodash\lodash.js:9344:14)
    at module.exports (C:\Users\Pedro Cardoso\AppData\Roaming\npm\node_modules\firebase-tools\lib\deploy\hosting\prepare.js:37:5)
    at _chain (C:\Users\Pedro Cardoso\AppData\Roaming\npm\node_modules\firebase-tools\lib\deploy\index.js:26:38)
    at C:\Users\Pedro Cardoso\AppData\Roaming\npm\node_modules\firebase-tools\lib\deploy\index.js:83:14
    at <anonymous>
[error] 
[error] Error: An unexpected error has occurred.
